wakeOnLanmaster/build/outputs/logs/manifest-merger-debug-report.txt
-- Merging decision tree log ---
manifest
ADDED from src\main\AndroidManifest.xml:2:1-45:12
INJECTED from src\main\AndroidManifest.xml:2:1-45:12
INJECTED from src\main\AndroidManifest.xml:2:1-45:12
INJECTED from src\main\AndroidManifest.xml:2:1-45:12
INJECTED from src\main\AndroidManifest.xml:2:1-45:12
INJECTED from src\main\AndroidManifest.xml:2:1-45:12
INJECTED from src\main\AndroidManifest.xml:2:1-45:12
	package
		ADDED from src\main\AndroidManifest.xml:3:4-41
		INJECTED from src\main\AndroidManifest.xml
		INJECTED from src\main\AndroidManifest.xml
	android:versionName
		INJECTED from src\main\AndroidManifest.xml
		ADDED from src\main\AndroidManifest.xml:2:1-45:12
		INJECTED from src\main\AndroidManifest.xml
	android:versionCode
		INJECTED from src\main\AndroidManifest.xml
		ADDED from src\main\AndroidManifest.xml:2:1-45:12
		INJECTED from src\main\AndroidManifest.xml
	xmlns:android
		ADDED from src\main\AndroidManifest.xml:2:11-69
uses-permission#android.permission.INTERNET
ADDED from src\main\AndroidManifest.xml:7:2-64
	android:name
		ADDED from src\main\AndroidManifest.xml:7:19-61
uses-permission#com.android.launcher.permission.INSTALL_SHORTCUT
ADDED from src\main\AndroidManifest.xml:8:2-85
	android:name
		ADDED from src\main\AndroidManifest.xml:8:19-82
supports-screens
ADDED from src\main\AndroidManifest.xml:10:2-14:36
	android:largeScreens
		ADDED from src\main\AndroidManifest.xml:13:8-35
	android:smallScreens
		ADDED from src\main\AndroidManifest.xml:11:8-35
	android:normalScreens
		ADDED from src\main\AndroidManifest.xml:12:8-36
	android:resizeable
		ADDED from src\main\AndroidManifest.xml:10:20-46
	android:anyDensity
		ADDED from src\main\AndroidManifest.xml:14:8-33
application
ADDED from src\main\AndroidManifest.xml:16:5-44:16
	android:label
		ADDED from src\main\AndroidManifest.xml:16:18-50
	android:icon
		ADDED from src\main\AndroidManifest.xml:17:6-35
	android:description
		ADDED from src\main\AndroidManifest.xml:18:6-44
activity#net.mafro.android.wakeonlan.WakeOnLanActivity
ADDED from src\main\AndroidManifest.xml:20:3-28:14
	android:label
		ADDED from src\main\AndroidManifest.xml:21:7-39
	android:launchMode
		ADDED from src\main\AndroidManifest.xml:22:7-42
	android:name
		ADDED from src\main\AndroidManifest.xml:20:13-46
intent-filter#action:name:android.intent.action.MAIN+category:name:android.intent.category.LAUNCHER
ADDED from src\main\AndroidManifest.xml:24:4-27:20
action#android.intent.action.MAIN
ADDED from src\main\AndroidManifest.xml:25:5-57
	android:name
		ADDED from src\main\AndroidManifest.xml:25:13-54
category#android.intent.category.LAUNCHER
ADDED from src\main\AndroidManifest.xml:26:5-65
	android:name
		ADDED from src\main\AndroidManifest.xml:26:15-62
provider#net.mafro.android.wakeonlan.HistoryProvider
ADDED from src\main\AndroidManifest.xml:30:3-31:75
	android:authorities
		ADDED from src\main\AndroidManifest.xml:31:7-72
	android:name
		ADDED from src\main\AndroidManifest.xml:30:13-43
receiver#net.mafro.android.wakeonlan.WidgetProvider
ADDED from src\main\AndroidManifest.xml:32:3-38:14
	android:name
		ADDED from src\main\AndroidManifest.xml:32:13-42
intent-filter#action:name:android.appwidget.action.APPWIDGET_UPDATE
ADDED from src\main\AndroidManifest.xml:33:7-35:23
action#android.appwidget.action.APPWIDGET_UPDATE
ADDED from src\main\AndroidManifest.xml:34:11-78
	android:name
		ADDED from src\main\AndroidManifest.xml:34:19-75
meta-data#android.appwidget.provider
ADDED from src\main\AndroidManifest.xml:36:7-37:56
	android:resource
		ADDED from src\main\AndroidManifest.xml:37:18-53
	android:name
		ADDED from src\main\AndroidManifest.xml:36:18-59
activity#net.mafro.android.wakeonlan.WidgetConfigure
ADDED from src\main\AndroidManifest.xml:39:3-43:14
	android:name
		ADDED from src\main\AndroidManifest.xml:39:13-44
intent-filter#action:name:android.appwidget.action.APPWIDGET_CONFIGURE
ADDED from src\main\AndroidManifest.xml:40:7-42:20
action#android.appwidget.action.APPWIDGET_CONFIGURE
ADDED from src\main\AndroidManifest.xml:41:5-74
	android:name
		ADDED from src\main\AndroidManifest.xml:41:13-72
uses-sdk
INJECTED from src\main\AndroidManifest.xml reason: use-sdk injection requested
INJECTED from src\main\AndroidManifest.xml
INJECTED from src\main\AndroidManifest.xml
INJECTED from src\main\AndroidManifest.xml
INJECTED from src\main\AndroidManifest.xml
	android:targetSdkVersion
		INJECTED from src\main\AndroidManifest.xml
		ADDED from src\main\AndroidManifest.xml
		INJECTED from src\main\AndroidManifest.xml
	android:minSdkVersion
		INJECTED from src\main\AndroidManifest.xml
		ADDED from src\main\AndroidManifest.xml
		INJECTED from src\main\AndroidManifest.xml